
=== Mon Sep  6 22:24:49 2021

Packages were changed.
Update Mode: updateDependencies

The following packages were added:
  com.unity.collab-proxy@1.2.15
The following packages were updated:
  com.unity.analytics from version 2.0.16 to 3.2.2
  com.unity.package-manager-ui from version 1.9.11 to 2.0.8
  com.unity.textmeshpro from version 1.2.4 to 1.4.1

=== Sat Sep 11 21:03:50 2021

Packages were changed.
Update Mode: updateDependencies

The following packages were added:
  com.unity.collab-proxy@1.2.15
The following packages were updated:
  com.unity.analytics from version 2.0.16 to 3.2.2
  com.unity.package-manager-ui from version 1.9.11 to 2.0.8
  com.unity.textmeshpro from version 1.2.4 to 1.4.1

=== Sat Jul 16 15:44:08 2022

Packages were changed.
Update Mode: updateDependencies

The following packages were added:
  com.unity.collab-proxy@1.2.15
The following packages were updated:
  com.unity.analytics from version 2.0.16 to 3.2.2
  com.unity.package-manager-ui from version 1.9.11 to 2.0.8
  com.unity.textmeshpro from version 1.2.4 to 1.4.1

=== Sun Jul 17 01:27:53 2022

Packages were changed.
Update Mode: updateDependencies

The following packages were added:
  com.unity.collab-proxy@1.2.15
The following packages were updated:
  com.unity.analytics from version 2.0.16 to 3.2.2
  com.unity.package-manager-ui from version 1.9.11 to 2.0.8
  com.unity.textmeshpro from version 1.2.4 to 1.4.1

=== Sun Jul 17 14:22:05 2022

Packages were changed.
Update Mode: updateDependencies

The following packages were added:
  com.unity.collab-proxy@1.2.15
The following packages were updated:
  com.unity.analytics from version 2.0.16 to 3.2.2
  com.unity.package-manager-ui from version 1.9.11 to 2.0.8
  com.unity.textmeshpro from version 1.2.4 to 1.4.1
