2022-08-07 17:54:02,918 [ 1] INFO  Unity: LoadingManager start
2022-08-07 17:54:06,237 [ 1] INFO  Unity: DataManager > DataManager()
2022-08-07 17:54:12,606 [ 1] INFO  Unity: UserLoginRequest::user :wei psw:123
2022-08-07 17:54:12,607 [ 1] INFO  Unity: ConnectToServer() Start 
2022-08-07 17:54:12,608 [ 1] INFO  Unity: DoConnect
2022-08-07 17:54:12,610 [ 1] INFO  Unity: NetClient.DoConnect on 127.0.0.1:8000
2022-08-07 17:54:12,612 [ 1] INFO  Unity: Connect[0] to server 127.0.0.1:8000

2022-08-07 17:54:12,616 [ 1] INFO  Unity: LoadingMesager::OnGameServerConnect :0 reason:Success
2022-08-07 17:54:16,077 [ 1] INFO  Unity: OnUserLogin:Success [None]
2022-08-07 17:54:16,079 [ 1] INFO  Unity: LoadLevel: CharSelect
2022-08-07 17:54:16,690 [ 1] INFO  Unity: LevelLoadCompleted:1
2022-08-07 17:54:17,987 [ 1] INFO  Unity: Select Char:[15]yue[Wizard]
2022-08-07 17:54:19,382 [ 1] INFO  Unity: UserGameEnterRequest::characterId :0
2022-08-07 17:54:19,420 [ 1] INFO  Unity: OnUserGameEnter:Success [None]
2022-08-07 17:54:19,421 [ 1] INFO  Unity: OnMapCharacterEnter MapId:1,CharacterCount:1
2022-08-07 17:54:19,423 [ 1] INFO  Unity: AddCharacter: characterId:15,characterName:yue,Mapid:1,Entity:SkillBridge.Message.NEntity
2022-08-07 17:54:19,425 [ 1] INFO  Unity: LoadLevel: MainCity
2022-08-07 17:54:19,425 [ 1] INFO  Unity: OnMapCharacterEnter:1
2022-08-07 17:54:19,426 [ 1] INFO  Unity: LoadLevel: MainCity
2022-08-07 17:54:19,727 [ 1] INFO  Unity: LevelLoadCompleted:1
2022-08-07 17:54:19,952 [ 1] INFO  Unity: Name:character_15_yue OnDestroy :entityId:0 Position:(5000, 4000, 820) Direction:(100, 0, 0) Speed:0 
2022-08-07 17:54:19,999 [ 1] INFO  Unity: LevelLoadCompleted:1
2022-08-07 17:55:25,178 [ 1] INFO  Unity: MoveForward
2022-08-07 17:55:25,179 [ 1] INFO  Unity: MoveForward
2022-08-07 17:55:25,318 [ 1] INFO  Unity: SetPosition:(0, 52, 0)
2022-08-07 17:55:25,488 [ 1] INFO  Unity: SetPosition:(0, 103, 0)
2022-08-07 17:55:25,653 [ 1] INFO  Unity: SetPosition:(0, 155, 0)
2022-08-07 17:55:25,761 [ 1] INFO  Unity: SetDirection:(18, 98, 0)
2022-08-07 17:55:25,762 [ 1] INFO  Unity: SetDirection:(98, -18, 0)
2022-08-07 17:55:25,819 [ 1] INFO  Unity: Stop
2022-08-07 17:55:25,821 [ 1] INFO  Unity: Stop
2022-08-07 17:55:25,836 [ 1] INFO  Unity: MoveBack
2022-08-07 17:55:25,837 [ 1] INFO  Unity: MoveBack
2022-08-07 17:55:25,855 [ 1] INFO  Unity: SetDirection:(36, 93, 0)
2022-08-07 17:55:25,855 [ 1] INFO  Unity: SetDirection:(93, -36, 0)
2022-08-07 17:55:26,144 [ 1] INFO  Unity: SetPosition:(-30, 110, 0)
2022-08-07 17:55:26,193 [ 1] INFO  Unity: Stop
2022-08-07 17:55:26,194 [ 1] INFO  Unity: Stop
2022-08-07 17:55:26,526 [ 1] INFO  Unity: SetDirection:(53, 85, 0)
2022-08-07 17:55:26,526 [ 1] INFO  Unity: SetDirection:(85, -53, 0)
2022-08-07 17:55:26,627 [ 1] INFO  Unity: SetDirection:(69, 72, 0)
2022-08-07 17:55:26,629 [ 1] INFO  Unity: SetDirection:(72, -69, 0)
2022-08-07 17:55:26,729 [ 1] INFO  Unity: SetDirection:(83, 56, 0)
2022-08-07 17:55:26,730 [ 1] INFO  Unity: SetDirection:(56, -83, 0)
2022-08-07 17:55:26,782 [ 1] INFO  Unity: MoveForward
2022-08-07 17:55:26,782 [ 1] INFO  Unity: MoveForward
2022-08-07 17:55:26,830 [ 1] INFO  Unity: SetDirection:(93, 38, 0)
2022-08-07 17:55:26,831 [ 1] INFO  Unity: SetDirection:(38, -93, 0)
2022-08-07 17:55:26,931 [ 1] INFO  Unity: SetDirection:(98, 18, 0)
2022-08-07 17:55:26,933 [ 1] INFO  Unity: SetDirection:(18, -98, 0)
2022-08-07 17:55:26,955 [ 1] INFO  Unity: SetPosition:(23, 127, 0)
2022-08-07 17:55:27,055 [ 1] INFO  Unity: SetDirection:(100, -1, 0)
2022-08-07 17:55:27,055 [ 1] INFO  Unity: SetDirection:(-1, -100, 0)
2022-08-07 17:55:27,125 [ 1] INFO  Unity: SetPosition:(74, 132, 0)
2022-08-07 17:55:27,294 [ 1] INFO  Unity: SetPosition:(126, 131, 0)
2022-08-07 17:55:27,326 [ 1] INFO  Unity: SetDirection:(98, -19, 0)
2022-08-07 17:55:27,327 [ 1] INFO  Unity: SetDirection:(-19, -98, 0)
2022-08-07 17:55:27,461 [ 1] INFO  Unity: SetPosition:(177, 123, 0)
2022-08-07 17:55:27,477 [ 1] INFO  Unity: SetDirection:(93, -36, 0)
2022-08-07 17:55:27,477 [ 1] INFO  Unity: SetDirection:(-36, -93, 0)
2022-08-07 17:55:27,526 [ 1] INFO  Unity: Stop
2022-08-07 17:55:27,526 [ 1] INFO  Unity: Stop
2022-08-07 17:55:35,512 [ 1] INFO  Unity: OnDestroy NetworkManager.
2022-08-07 17:55:35,513 [ 1] WARN  Unity: CloseConnection(), errorCode: 1007
UnityEngine.Debug:LogWarning(Object)
Network.NetClient:CloseConnection(Int32) (at Assets/Scripts/Network/NetClient.cs:180)
Network.NetClient:OnDestroy() (at Assets/Scripts/Network/NetClient.cs:175)
UnityEngine.GUIUtility:ProcessEvent(Int32, IntPtr)

2022-08-07 17:55:35,518 [ 1] INFO  Unity: Name:character_15_yue OnDestroy :entityId:0 Position:(5099, 3816, 820) Direction:(-36, -93, 0) Speed:0 
